2026-05-18 21:51:03 [DEBUG] westbot Loaded 0 persisted tasks from storage
2026-05-18 21:51:03 [INFO] westbot Task executor started
2026-05-18 21:51:27 [INFO] westbot Starting browser session
2026-05-18 21:51:30 [INFO] westbot Browser started from UI
2026-05-18 21:51:30 [WARNING] westbot Script execution failed: Message: javascript error: TaskQueue is not defined
  (Session info: chrome=148.0.7778.168)
Stacktrace:
	chromedriver!GetHandleVerifier [0x7e7123+10a23]
	chromedriver!GetHandleVerifier [0x7e7254+10b54]
	chromedriver!(No symbol) [0x601e90]
	chromedriver!(No symbol) [0x608c18]
	chromedriver!(No symbol) [0x60afdd]
	chromedriver!(No symbol) [0x68b6a3]
	chromedriver!(No symbol) [0x66d78c]
	chromedriver!(No symbol) [0x68a936]
	chromedriver!(No symbol) [0x66d526]
	chromedriver!(No symbol) [0x6408f9]
	chromedriver!(No symbol) [0x6416b4]
	chromedriver!GetHandleVerifier [0xa81ac4+2ab3c4]
	chromedriver!GetHandleVerifier [0xa7d0ed+2a69ed]
	chromedriver!GetHandleVerifier [0xa9e4f5+2c7df5]
	chromedriver!GetHandleVerifier [0x801128+2aa28]
	chromedriver!GetHandleVerifier [0x808bbd+324bd]
	chromedriver!GetHandleVerifier [0x7efb28+19428]
	chromedriver!GetHandleVerifier [0x7efcd5+195d5]
	chromedriver!GetHandleVerifier [0x7d91cf+2acf]
	KERNEL32!BaseThreadInitThunk [0x767afcc9+19]
	ntdll!RtlGetAppContainerNamedObjectPath [0x77a0843e+11e]
	ntdll!RtlGetAppContainerNamedObjectPath [0x77a0840e+ee]

2026-05-18 21:51:30 [WARNING] westbot Script execution failed: Message: <unknown>: Failed to read the 'localStorage' property from 'Window': Storage is disabled inside 'data:' URLs.
  (Session info: chrome=148.0.7778.168)
Stacktrace:
	chromedriver!GetHandleVerifier [0x7e7123+10a23]
	chromedriver!GetHandleVerifier [0x7e7254+10b54]
	chromedriver!(No symbol) [0x601e90]
	chromedriver!(No symbol) [0x608c18]
	chromedriver!(No symbol) [0x60afdd]
	chromedriver!(No symbol) [0x68b6a3]
	chromedriver!(No symbol) [0x66d78c]
	chromedriver!(No symbol) [0x68a936]
	chromedriver!(No symbol) [0x66d526]
	chromedriver!(No symbol) [0x6408f9]
	chromedriver!(No symbol) [0x6416b4]
	chromedriver!GetHandleVerifier [0xa81ac4+2ab3c4]
	chromedriver!GetHandleVerifier [0xa7d0ed+2a69ed]
	chromedriver!GetHandleVerifier [0xa9e4f5+2c7df5]
	chromedriver!GetHandleVerifier [0x801128+2aa28]
	chromedriver!GetHandleVerifier [0x808bbd+324bd]
	chromedriver!GetHandleVerifier [0x7efb28+19428]
	chromedriver!GetHandleVerifier [0x7efcd5+195d5]
	chromedriver!GetHandleVerifier [0x7d91cf+2acf]
	KERNEL32!BaseThreadInitThunk [0x767afcc9+19]
	ntdll!RtlGetAppContainerNamedObjectPath [0x77a0843e+11e]
	ntdll!RtlGetAppContainerNamedObjectPath [0x77a0840e+ee]

2026-05-18 21:51:31 [WARNING] westbot Script execution failed: Message: javascript error: TaskQueue is not defined
  (Session info: chrome=148.0.7778.168)
Stacktrace:
	chromedriver!GetHandleVerifier [0x7e7123+10a23]
	chromedriver!GetHandleVerifier [0x7e7254+10b54]
	chromedriver!(No symbol) [0x601e90]
	chromedriver!(No symbol) [0x608c18]
	chromedriver!(No symbol) [0x60afdd]
	chromedriver!(No symbol) [0x68b6a3]
	chromedriver!(No symbol) [0x66d78c]
	chromedriver!(No symbol) [0x68a936]
	chromedriver!(No symbol) [0x66d526]
	chromedriver!(No symbol) [0x6408f9]
	chromedriver!(No symbol) [0x6416b4]
	chromedriver!GetHandleVerifier [0xa81ac4+2ab3c4]
	chromedriver!GetHandleVerifier [0xa7d0ed+2a69ed]
	chromedriver!GetHandleVerifier [0xa9e4f5+2c7df5]
	chromedriver!GetHandleVerifier [0x801128+2aa28]
	chromedriver!GetHandleVerifier [0x808bbd+324bd]
	chromedriver!GetHandleVerifier [0x7efb28+19428]
	chromedriver!GetHandleVerifier [0x7efcd5+195d5]
	chromedriver!GetHandleVerifier [0x7d91cf+2acf]
	KERNEL32!BaseThreadInitThunk [0x767afcc9+19]
	ntdll!RtlGetAppContainerNamedObjectPath [0x77a0843e+11e]
	ntdll!RtlGetAppContainerNamedObjectPath [0x77a0840e+ee]

2026-05-18 21:51:31 [WARNING] westbot Script execution failed: Message: <unknown>: Failed to read the 'localStorage' property from 'Window': Storage is disabled inside 'data:' URLs.
  (Session info: chrome=148.0.7778.168)
Stacktrace:
	chromedriver!GetHandleVerifier [0x7e7123+10a23]
	chromedriver!GetHandleVerifier [0x7e7254+10b54]
	chromedriver!(No symbol) [0x601e90]
	chromedriver!(No symbol) [0x608c18]
	chromedriver!(No symbol) [0x60afdd]
	chromedriver!(No symbol) [0x68b6a3]
	chromedriver!(No symbol) [0x66d78c]
	chromedriver!(No symbol) [0x68a936]
	chromedriver!(No symbol) [0x66d526]
	chromedriver!(No symbol) [0x6408f9]
	chromedriver!(No symbol) [0x6416b4]
	chromedriver!GetHandleVerifier [0xa81ac4+2ab3c4]
	chromedriver!GetHandleVerifier [0xa7d0ed+2a69ed]
	chromedriver!GetHandleVerifier [0xa9e4f5+2c7df5]
	chromedriver!GetHandleVerifier [0x801128+2aa28]
	chromedriver!GetHandleVerifier [0x808bbd+324bd]
	chromedriver!GetHandleVerifier [0x7efb28+19428]
	chromedriver!GetHandleVerifier [0x7efcd5+195d5]
	chromedriver!GetHandleVerifier [0x7d91cf+2acf]
	KERNEL32!BaseThreadInitThunk [0x767afcc9+19]
	ntdll!RtlGetAppContainerNamedObjectPath [0x77a0843e+11e]
	ntdll!RtlGetAppContainerNamedObjectPath [0x77a0840e+ee]

2026-05-18 21:51:31 [WARNING] westbot Script execution failed: Message: <unknown>: Failed to read the 'localStorage' property from 'Window': Storage is disabled inside 'data:' URLs.
  (Session info: chrome=148.0.7778.168)
Stacktrace:
	chromedriver!GetHandleVerifier [0x7e7123+10a23]
	chromedriver!GetHandleVerifier [0x7e7254+10b54]
	chromedriver!(No symbol) [0x601e90]
	chromedriver!(No symbol) [0x608c18]
	chromedriver!(No symbol) [0x60afdd]
	chromedriver!(No symbol) [0x68b6a3]
	chromedriver!(No symbol) [0x66d78c]
	chromedriver!(No symbol) [0x68a936]
	chromedriver!(No symbol) [0x66d526]
	chromedriver!(No symbol) [0x6408f9]
	chromedriver!(No symbol) [0x6416b4]
	chromedriver!GetHandleVerifier [0xa81ac4+2ab3c4]
	chromedriver!GetHandleVerifier [0xa7d0ed+2a69ed]
	chromedriver!GetHandleVerifier [0xa9e4f5+2c7df5]
	chromedriver!GetHandleVerifier [0x801128+2aa28]
	chromedriver!GetHandleVerifier [0x808bbd+324bd]
	chromedriver!GetHandleVerifier [0x7efb28+19428]
	chromedriver!GetHandleVerifier [0x7efcd5+195d5]
	chromedriver!GetHandleVerifier [0x7d91cf+2acf]
	KERNEL32!BaseThreadInitThunk [0x767afcc9+19]
	ntdll!RtlGetAppContainerNamedObjectPath [0x77a0843e+11e]
	ntdll!RtlGetAppContainerNamedObjectPath [0x77a0840e+ee]

2026-05-18 21:51:32 [WARNING] westbot Script execution failed: Message: javascript error: TaskQueue is not defined
  (Session info: chrome=148.0.7778.168)
Stacktrace:
	chromedriver!GetHandleVerifier [0x7e7123+10a23]
	chromedriver!GetHandleVerifier [0x7e7254+10b54]
	chromedriver!(No symbol) [0x601e90]
	chromedriver!(No symbol) [0x608c18]
	chromedriver!(No symbol) [0x60afdd]
	chromedriver!(No symbol) [0x68b6a3]
	chromedriver!(No symbol) [0x66d78c]
	chromedriver!(No symbol) [0x68a936]
	chromedriver!(No symbol) [0x66d526]
	chromedriver!(No symbol) [0x6408f9]
	chromedriver!(No symbol) [0x6416b4]
	chromedriver!GetHandleVerifier [0xa81ac4+2ab3c4]
	chromedriver!GetHandleVerifier [0xa7d0ed+2a69ed]
	chromedriver!GetHandleVerifier [0xa9e4f5+2c7df5]
	chromedriver!GetHandleVerifier [0x801128+2aa28]
	chromedriver!GetHandleVerifier [0x808bbd+324bd]
	chromedriver!GetHandleVerifier [0x7efb28+19428]
	chromedriver!GetHandleVerifier [0x7efcd5+195d5]
	chromedriver!GetHandleVerifier [0x7d91cf+2acf]
	KERNEL32!BaseThreadInitThunk [0x767afcc9+19]
	ntdll!RtlGetAppContainerNamedObjectPath [0x77a0843e+11e]
	ntdll!RtlGetAppContainerNamedObjectPath [0x77a0840e+ee]

2026-05-18 21:51:32 [WARNING] westbot Script execution failed: Message: <unknown>: Failed to read the 'localStorage' property from 'Window': Storage is disabled inside 'data:' URLs.
  (Session info: chrome=148.0.7778.168)
Stacktrace:
	chromedriver!GetHandleVerifier [0x7e7123+10a23]
	chromedriver!GetHandleVerifier [0x7e7254+10b54]
	chromedriver!(No symbol) [0x601e90]
	chromedriver!(No symbol) [0x608c18]
	chromedriver!(No symbol) [0x60afdd]
	chromedriver!(No symbol) [0x68b6a3]
	chromedriver!(No symbol) [0x66d78c]
	chromedriver!(No symbol) [0x68a936]
	chromedriver!(No symbol) [0x66d526]
	chromedriver!(No symbol) [0x6408f9]
	chromedriver!(No symbol) [0x6416b4]
	chromedriver!GetHandleVerifier [0xa81ac4+2ab3c4]
	chromedriver!GetHandleVerifier [0xa7d0ed+2a69ed]
	chromedriver!GetHandleVerifier [0xa9e4f5+2c7df5]
	chromedriver!GetHandleVerifier [0x801128+2aa28]
	chromedriver!GetHandleVerifier [0x808bbd+324bd]
	chromedriver!GetHandleVerifier [0x7efb28+19428]
	chromedriver!GetHandleVerifier [0x7efcd5+195d5]
	chromedriver!GetHandleVerifier [0x7d91cf+2acf]
	KERNEL32!BaseThreadInitThunk [0x767afcc9+19]
	ntdll!RtlGetAppContainerNamedObjectPath [0x77a0843e+11e]
	ntdll!RtlGetAppContainerNamedObjectPath [0x77a0840e+ee]

2026-05-18 21:51:33 [WARNING] westbot Script execution failed: Message: <unknown>: Failed to read the 'localStorage' property from 'Window': Storage is disabled inside 'data:' URLs.
  (Session info: chrome=148.0.7778.168)
Stacktrace:
	chromedriver!GetHandleVerifier [0x7e7123+10a23]
	chromedriver!GetHandleVerifier [0x7e7254+10b54]
	chromedriver!(No symbol) [0x601e90]
	chromedriver!(No symbol) [0x608c18]
	chromedriver!(No symbol) [0x60afdd]
	chromedriver!(No symbol) [0x68b6a3]
	chromedriver!(No symbol) [0x66d78c]
	chromedriver!(No symbol) [0x68a936]
	chromedriver!(No symbol) [0x66d526]
	chromedriver!(No symbol) [0x6408f9]
	chromedriver!(No symbol) [0x6416b4]
	chromedriver!GetHandleVerifier [0xa81ac4+2ab3c4]
	chromedriver!GetHandleVerifier [0xa7d0ed+2a69ed]
	chromedriver!GetHandleVerifier [0xa9e4f5+2c7df5]
	chromedriver!GetHandleVerifier [0x801128+2aa28]
	chromedriver!GetHandleVerifier [0x808bbd+324bd]
	chromedriver!GetHandleVerifier [0x7efb28+19428]
	chromedriver!GetHandleVerifier [0x7efcd5+195d5]
	chromedriver!GetHandleVerifier [0x7d91cf+2acf]
	KERNEL32!BaseThreadInitThunk [0x767afcc9+19]
	ntdll!RtlGetAppContainerNamedObjectPath [0x77a0843e+11e]
	ntdll!RtlGetAppContainerNamedObjectPath [0x77a0840e+ee]

2026-05-18 21:51:33 [WARNING] westbot Script execution failed: Message: javascript error: TaskQueue is not defined
  (Session info: chrome=148.0.7778.168)
Stacktrace:
	chromedriver!GetHandleVerifier [0x7e7123+10a23]
	chromedriver!GetHandleVerifier [0x7e7254+10b54]
	chromedriver!(No symbol) [0x601e90]
	chromedriver!(No symbol) [0x608c18]
	chromedriver!(No symbol) [0x60afdd]
	chromedriver!(No symbol) [0x68b6a3]
	chromedriver!(No symbol) [0x66d78c]
	chromedriver!(No symbol) [0x68a936]
	chromedriver!(No symbol) [0x66d526]
	chromedriver!(No symbol) [0x6408f9]
	chromedriver!(No symbol) [0x6416b4]
	chromedriver!GetHandleVerifier [0xa81ac4+2ab3c4]
	chromedriver!GetHandleVerifier [0xa7d0ed+2a69ed]
	chromedriver!GetHandleVerifier [0xa9e4f5+2c7df5]
	chromedriver!GetHandleVerifier [0x801128+2aa28]
	chromedriver!GetHandleVerifier [0x808bbd+324bd]
	chromedriver!GetHandleVerifier [0x7efb28+19428]
	chromedriver!GetHandleVerifier [0x7efcd5+195d5]
	chromedriver!GetHandleVerifier [0x7d91cf+2acf]
	KERNEL32!BaseThreadInitThunk [0x767afcc9+19]
	ntdll!RtlGetAppContainerNamedObjectPath [0x77a0843e+11e]
	ntdll!RtlGetAppContainerNamedObjectPath [0x77a0840e+ee]

2026-05-18 21:51:33 [WARNING] westbot Script execution failed: Message: <unknown>: Failed to read the 'localStorage' property from 'Window': Storage is disabled inside 'data:' URLs.
  (Session info: chrome=148.0.7778.168)
Stacktrace:
	chromedriver!GetHandleVerifier [0x7e7123+10a23]
	chromedriver!GetHandleVerifier [0x7e7254+10b54]
	chromedriver!(No symbol) [0x601e90]
	chromedriver!(No symbol) [0x608c18]
	chromedriver!(No symbol) [0x60afdd]
	chromedriver!(No symbol) [0x68b6a3]
	chromedriver!(No symbol) [0x66d78c]
	chromedriver!(No symbol) [0x68a936]
	chromedriver!(No symbol) [0x66d526]
	chromedriver!(No symbol) [0x6408f9]
	chromedriver!(No symbol) [0x6416b4]
	chromedriver!GetHandleVerifier [0xa81ac4+2ab3c4]
	chromedriver!GetHandleVerifier [0xa7d0ed+2a69ed]
	chromedriver!GetHandleVerifier [0xa9e4f5+2c7df5]
	chromedriver!GetHandleVerifier [0x801128+2aa28]
	chromedriver!GetHandleVerifier [0x808bbd+324bd]
	chromedriver!GetHandleVerifier [0x7efb28+19428]
	chromedriver!GetHandleVerifier [0x7efcd5+195d5]
	chromedriver!GetHandleVerifier [0x7d91cf+2acf]
	KERNEL32!BaseThreadInitThunk [0x767afcc9+19]
	ntdll!RtlGetAppContainerNamedObjectPath [0x77a0843e+11e]
	ntdll!RtlGetAppContainerNamedObjectPath [0x77a0840e+ee]

2026-05-18 21:51:35 [WARNING] westbot Script execution failed: Message: javascript error: TaskQueue is not defined
  (Session info: chrome=148.0.7778.168)
Stacktrace:
	chromedriver!GetHandleVerifier [0x7e7123+10a23]
	chromedriver!GetHandleVerifier [0x7e7254+10b54]
	chromedriver!(No symbol) [0x601e90]
	chromedriver!(No symbol) [0x608c18]
	chromedriver!(No symbol) [0x60afdd]
	chromedriver!(No symbol) [0x68b6a3]
	chromedriver!(No symbol) [0x66d78c]
	chromedriver!(No symbol) [0x68a936]
	chromedriver!(No symbol) [0x66d526]
	chromedriver!(No symbol) [0x6408f9]
	chromedriver!(No symbol) [0x6416b4]
	chromedriver!GetHandleVerifier [0xa81ac4+2ab3c4]
	chromedriver!GetHandleVerifier [0xa7d0ed+2a69ed]
	chromedriver!GetHandleVerifier [0xa9e4f5+2c7df5]
	chromedriver!GetHandleVerifier [0x801128+2aa28]
	chromedriver!GetHandleVerifier [0x808bbd+324bd]
	chromedriver!GetHandleVerifier [0x7efb28+19428]
	chromedriver!GetHandleVerifier [0x7efcd5+195d5]
	chromedriver!GetHandleVerifier [0x7d91cf+2acf]
	KERNEL32!BaseThreadInitThunk [0x767afcc9+19]
	ntdll!RtlGetAppContainerNamedObjectPath [0x77a0843e+11e]
	ntdll!RtlGetAppContainerNamedObjectPath [0x77a0840e+ee]

2026-05-18 21:51:35 [WARNING] westbot Script execution failed: Message: <unknown>: Failed to read the 'localStorage' property from 'Window': Storage is disabled inside 'data:' URLs.
  (Session info: chrome=148.0.7778.168)
Stacktrace:
	chromedriver!GetHandleVerifier [0x7e7123+10a23]
	chromedriver!GetHandleVerifier [0x7e7254+10b54]
	chromedriver!(No symbol) [0x601e90]
	chromedriver!(No symbol) [0x608c18]
	chromedriver!(No symbol) [0x60afdd]
	chromedriver!(No symbol) [0x68b6a3]
	chromedriver!(No symbol) [0x66d78c]
	chromedriver!(No symbol) [0x68a936]
	chromedriver!(No symbol) [0x66d526]
	chromedriver!(No symbol) [0x6408f9]
	chromedriver!(No symbol) [0x6416b4]
	chromedriver!GetHandleVerifier [0xa81ac4+2ab3c4]
	chromedriver!GetHandleVerifier [0xa7d0ed+2a69ed]
	chromedriver!GetHandleVerifier [0xa9e4f5+2c7df5]
	chromedriver!GetHandleVerifier [0x801128+2aa28]
	chromedriver!GetHandleVerifier [0x808bbd+324bd]
	chromedriver!GetHandleVerifier [0x7efb28+19428]
	chromedriver!GetHandleVerifier [0x7efcd5+195d5]
	chromedriver!GetHandleVerifier [0x7d91cf+2acf]
	KERNEL32!BaseThreadInitThunk [0x767afcc9+19]
	ntdll!RtlGetAppContainerNamedObjectPath [0x77a0843e+11e]
	ntdll!RtlGetAppContainerNamedObjectPath [0x77a0840e+ee]

2026-05-18 21:51:35 [WARNING] westbot Script execution failed: Message: <unknown>: Failed to read the 'localStorage' property from 'Window': Storage is disabled inside 'data:' URLs.
  (Session info: chrome=148.0.7778.168)
Stacktrace:
	chromedriver!GetHandleVerifier [0x7e7123+10a23]
	chromedriver!GetHandleVerifier [0x7e7254+10b54]
	chromedriver!(No symbol) [0x601e90]
	chromedriver!(No symbol) [0x608c18]
	chromedriver!(No symbol) [0x60afdd]
	chromedriver!(No symbol) [0x68b6a3]
	chromedriver!(No symbol) [0x66d78c]
	chromedriver!(No symbol) [0x68a936]
	chromedriver!(No symbol) [0x66d526]
	chromedriver!(No symbol) [0x6408f9]
	chromedriver!(No symbol) [0x6416b4]
	chromedriver!GetHandleVerifier [0xa81ac4+2ab3c4]
	chromedriver!GetHandleVerifier [0xa7d0ed+2a69ed]
	chromedriver!GetHandleVerifier [0xa9e4f5+2c7df5]
	chromedriver!GetHandleVerifier [0x801128+2aa28]
	chromedriver!GetHandleVerifier [0x808bbd+324bd]
	chromedriver!GetHandleVerifier [0x7efb28+19428]
	chromedriver!GetHandleVerifier [0x7efcd5+195d5]
	chromedriver!GetHandleVerifier [0x7d91cf+2acf]
	KERNEL32!BaseThreadInitThunk [0x767afcc9+19]
	ntdll!RtlGetAppContainerNamedObjectPath [0x77a0843e+11e]
	ntdll!RtlGetAppContainerNamedObjectPath [0x77a0840e+ee]

2026-05-18 21:51:36 [WARNING] westbot Script execution failed: Message: javascript error: TaskQueue is not defined
  (Session info: chrome=148.0.7778.168)
Stacktrace:
	chromedriver!GetHandleVerifier [0x7e7123+10a23]
	chromedriver!GetHandleVerifier [0x7e7254+10b54]
	chromedriver!(No symbol) [0x601e90]
	chromedriver!(No symbol) [0x608c18]
	chromedriver!(No symbol) [0x60afdd]
	chromedriver!(No symbol) [0x68b6a3]
	chromedriver!(No symbol) [0x66d78c]
	chromedriver!(No symbol) [0x68a936]
	chromedriver!(No symbol) [0x66d526]
	chromedriver!(No symbol) [0x6408f9]
	chromedriver!(No symbol) [0x6416b4]
	chromedriver!GetHandleVerifier [0xa81ac4+2ab3c4]
	chromedriver!GetHandleVerifier [0xa7d0ed+2a69ed]
	chromedriver!GetHandleVerifier [0xa9e4f5+2c7df5]
	chromedriver!GetHandleVerifier [0x801128+2aa28]
	chromedriver!GetHandleVerifier [0x808bbd+324bd]
	chromedriver!GetHandleVerifier [0x7efb28+19428]
	chromedriver!GetHandleVerifier [0x7efcd5+195d5]
	chromedriver!GetHandleVerifier [0x7d91cf+2acf]
	KERNEL32!BaseThreadInitThunk [0x767afcc9+19]
	ntdll!RtlGetAppContainerNamedObjectPath [0x77a0843e+11e]
	ntdll!RtlGetAppContainerNamedObjectPath [0x77a0840e+ee]

2026-05-18 21:51:36 [WARNING] westbot Script execution failed: Message: <unknown>: Failed to read the 'localStorage' property from 'Window': Storage is disabled inside 'data:' URLs.
  (Session info: chrome=148.0.7778.168)
Stacktrace:
	chromedriver!GetHandleVerifier [0x7e7123+10a23]
	chromedriver!GetHandleVerifier [0x7e7254+10b54]
	chromedriver!(No symbol) [0x601e90]
	chromedriver!(No symbol) [0x608c18]
	chromedriver!(No symbol) [0x60afdd]
	chromedriver!(No symbol) [0x68b6a3]
	chromedriver!(No symbol) [0x66d78c]
	chromedriver!(No symbol) [0x68a936]
	chromedriver!(No symbol) [0x66d526]
	chromedriver!(No symbol) [0x6408f9]
	chromedriver!(No symbol) [0x6416b4]
	chromedriver!GetHandleVerifier [0xa81ac4+2ab3c4]
	chromedriver!GetHandleVerifier [0xa7d0ed+2a69ed]
	chromedriver!GetHandleVerifier [0xa9e4f5+2c7df5]
	chromedriver!GetHandleVerifier [0x801128+2aa28]
	chromedriver!GetHandleVerifier [0x808bbd+324bd]
	chromedriver!GetHandleVerifier [0x7efb28+19428]
	chromedriver!GetHandleVerifier [0x7efcd5+195d5]
	chromedriver!GetHandleVerifier [0x7d91cf+2acf]
	KERNEL32!BaseThreadInitThunk [0x767afcc9+19]
	ntdll!RtlGetAppContainerNamedObjectPath [0x77a0843e+11e]
	ntdll!RtlGetAppContainerNamedObjectPath [0x77a0840e+ee]

2026-05-18 21:51:40 [INFO] westbot Login completed for user LordPoseidon
2026-05-18 21:51:40 [INFO] westbot User logged in through UI
2026-05-18 21:52:11 [INFO] westbot Task added to queue: Mine sulfur
2026-05-18 21:52:11 [INFO] westbot Executing task Mine sulfur [022d54f1-4366-421f-9bd6-5673afb94a66]
2026-05-18 21:52:11 [DEBUG] westbot Task updated: 022d54f1-4366-421f-9bd6-5673afb94a66 ({'status': <TaskStatus.RUNNING: 'running'>})
2026-05-18 21:52:11 [WARNING] westbot Script execution failed: Message: javascript error: JobWindow.getJob is not a function
  (Session info: chrome=148.0.7778.168)
Stacktrace:
	chromedriver!GetHandleVerifier [0x7e7123+10a23]
	chromedriver!GetHandleVerifier [0x7e7254+10b54]
	chromedriver!(No symbol) [0x601e90]
	chromedriver!(No symbol) [0x608c18]
	chromedriver!(No symbol) [0x60afdd]
	chromedriver!(No symbol) [0x68b6a3]
	chromedriver!(No symbol) [0x66d78c]
	chromedriver!(No symbol) [0x68a936]
	chromedriver!(No symbol) [0x66d526]
	chromedriver!(No symbol) [0x6408f9]
	chromedriver!(No symbol) [0x6416b4]
	chromedriver!GetHandleVerifier [0xa81ac4+2ab3c4]
	chromedriver!GetHandleVerifier [0xa7d0ed+2a69ed]
	chromedriver!GetHandleVerifier [0xa9e4f5+2c7df5]
	chromedriver!GetHandleVerifier [0x801128+2aa28]
	chromedriver!GetHandleVerifier [0x808bbd+324bd]
	chromedriver!GetHandleVerifier [0x7efb28+19428]
	chromedriver!GetHandleVerifier [0x7efcd5+195d5]
	chromedriver!GetHandleVerifier [0x7d91cf+2acf]
	KERNEL32!BaseThreadInitThunk [0x767afcc9+19]
	ntdll!RtlGetAppContainerNamedObjectPath [0x77a0843e+11e]
	ntdll!RtlGetAppContainerNamedObjectPath [0x77a0840e+ee]

2026-05-18 21:52:11 [ERROR] westbot Task execution failed for 022d54f1-4366-421f-9bd6-5673afb94a66: Failed to queue job
Traceback (most recent call last):
  File "D:\visual bot\westbot_v6\core\task_executor.py", line 101, in _execute_task
    self._execute_job(task)
  File "D:\visual bot\westbot_v6\core\task_executor.py", line 141, in _execute_job
    raise RuntimeError("Failed to queue job")
RuntimeError: Failed to queue job
2026-05-18 21:52:11 [DEBUG] westbot Task updated: 022d54f1-4366-421f-9bd6-5673afb94a66 ({'status': <TaskStatus.PENDING: 'pending'>, 'attempts': 1, 'last_error': 'Failed to queue job'})
2026-05-18 21:52:14 [INFO] westbot Executing task Mine sulfur [022d54f1-4366-421f-9bd6-5673afb94a66]
2026-05-18 21:52:14 [DEBUG] westbot Task updated: 022d54f1-4366-421f-9bd6-5673afb94a66 ({'status': <TaskStatus.RUNNING: 'running'>})
2026-05-18 21:52:14 [WARNING] westbot Script execution failed: Message: javascript error: JobWindow.getJob is not a function
  (Session info: chrome=148.0.7778.168)
Stacktrace:
	chromedriver!GetHandleVerifier [0x7e7123+10a23]
	chromedriver!GetHandleVerifier [0x7e7254+10b54]
	chromedriver!(No symbol) [0x601e90]
	chromedriver!(No symbol) [0x608c18]
	chromedriver!(No symbol) [0x60afdd]
	chromedriver!(No symbol) [0x68b6a3]
	chromedriver!(No symbol) [0x66d78c]
	chromedriver!(No symbol) [0x68a936]
	chromedriver!(No symbol) [0x66d526]
	chromedriver!(No symbol) [0x6408f9]
	chromedriver!(No symbol) [0x6416b4]
	chromedriver!GetHandleVerifier [0xa81ac4+2ab3c4]
	chromedriver!GetHandleVerifier [0xa7d0ed+2a69ed]
	chromedriver!GetHandleVerifier [0xa9e4f5+2c7df5]
	chromedriver!GetHandleVerifier [0x801128+2aa28]
	chromedriver!GetHandleVerifier [0x808bbd+324bd]
	chromedriver!GetHandleVerifier [0x7efb28+19428]
	chromedriver!GetHandleVerifier [0x7efcd5+195d5]
	chromedriver!GetHandleVerifier [0x7d91cf+2acf]
	KERNEL32!BaseThreadInitThunk [0x767afcc9+19]
	ntdll!RtlGetAppContainerNamedObjectPath [0x77a0843e+11e]
	ntdll!RtlGetAppContainerNamedObjectPath [0x77a0840e+ee]

2026-05-18 21:52:14 [ERROR] westbot Task execution failed for 022d54f1-4366-421f-9bd6-5673afb94a66: Failed to queue job
Traceback (most recent call last):
  File "D:\visual bot\westbot_v6\core\task_executor.py", line 101, in _execute_task
    self._execute_job(task)
  File "D:\visual bot\westbot_v6\core\task_executor.py", line 141, in _execute_job
    raise RuntimeError("Failed to queue job")
RuntimeError: Failed to queue job
2026-05-18 21:52:14 [DEBUG] westbot Task updated: 022d54f1-4366-421f-9bd6-5673afb94a66 ({'status': <TaskStatus.PENDING: 'pending'>, 'attempts': 2, 'last_error': 'Failed to queue job'})
2026-05-18 21:52:16 [INFO] westbot Executing task Mine sulfur [022d54f1-4366-421f-9bd6-5673afb94a66]
2026-05-18 21:52:16 [DEBUG] westbot Task updated: 022d54f1-4366-421f-9bd6-5673afb94a66 ({'status': <TaskStatus.RUNNING: 'running'>})
2026-05-18 21:52:16 [WARNING] westbot Script execution failed: Message: javascript error: JobWindow.getJob is not a function
  (Session info: chrome=148.0.7778.168)
Stacktrace:
	chromedriver!GetHandleVerifier [0x7e7123+10a23]
	chromedriver!GetHandleVerifier [0x7e7254+10b54]
	chromedriver!(No symbol) [0x601e90]
	chromedriver!(No symbol) [0x608c18]
	chromedriver!(No symbol) [0x60afdd]
	chromedriver!(No symbol) [0x68b6a3]
	chromedriver!(No symbol) [0x66d78c]
	chromedriver!(No symbol) [0x68a936]
	chromedriver!(No symbol) [0x66d526]
	chromedriver!(No symbol) [0x6408f9]
	chromedriver!(No symbol) [0x6416b4]
	chromedriver!GetHandleVerifier [0xa81ac4+2ab3c4]
	chromedriver!GetHandleVerifier [0xa7d0ed+2a69ed]
	chromedriver!GetHandleVerifier [0xa9e4f5+2c7df5]
	chromedriver!GetHandleVerifier [0x801128+2aa28]
	chromedriver!GetHandleVerifier [0x808bbd+324bd]
	chromedriver!GetHandleVerifier [0x7efb28+19428]
	chromedriver!GetHandleVerifier [0x7efcd5+195d5]
	chromedriver!GetHandleVerifier [0x7d91cf+2acf]
	KERNEL32!BaseThreadInitThunk [0x767afcc9+19]
	ntdll!RtlGetAppContainerNamedObjectPath [0x77a0843e+11e]
	ntdll!RtlGetAppContainerNamedObjectPath [0x77a0840e+ee]

2026-05-18 21:52:16 [ERROR] westbot Task execution failed for 022d54f1-4366-421f-9bd6-5673afb94a66: Failed to queue job
Traceback (most recent call last):
  File "D:\visual bot\westbot_v6\core\task_executor.py", line 101, in _execute_task
    self._execute_job(task)
  File "D:\visual bot\westbot_v6\core\task_executor.py", line 141, in _execute_job
    raise RuntimeError("Failed to queue job")
RuntimeError: Failed to queue job
2026-05-18 21:52:16 [DEBUG] westbot Task updated: 022d54f1-4366-421f-9bd6-5673afb94a66 ({'status': <TaskStatus.FAILED: 'failed'>, 'last_error': 'Failed to queue job'})
2026-05-18 21:52:52 [DEBUG] westbot Detected new browser windows: {'7B255125AF9ABC1B7B8A877FD6F36547'}
2026-05-18 21:55:57 [DEBUG] westbot Loaded 1 persisted tasks from storage
2026-05-18 21:55:57 [INFO] westbot Task executor started
2026-05-18 21:56:09 [INFO] westbot Starting browser session
2026-05-18 21:56:12 [INFO] westbot Browser started from UI
2026-05-18 21:56:12 [WARNING] westbot Script execution failed: Message: javascript error: TaskQueue is not defined
  (Session info: chrome=148.0.7778.168)
Stacktrace:
	chromedriver!GetHandleVerifier [0x7e7123+10a23]
	chromedriver!GetHandleVerifier [0x7e7254+10b54]
	chromedriver!(No symbol) [0x601e90]
	chromedriver!(No symbol) [0x608c18]
	chromedriver!(No symbol) [0x60afdd]
	chromedriver!(No symbol) [0x68b6a3]
	chromedriver!(No symbol) [0x66d78c]
	chromedriver!(No symbol) [0x68a936]
	chromedriver!(No symbol) [0x66d526]
	chromedriver!(No symbol) [0x6408f9]
	chromedriver!(No symbol) [0x6416b4]
	chromedriver!GetHandleVerifier [0xa81ac4+2ab3c4]
	chromedriver!GetHandleVerifier [0xa7d0ed+2a69ed]
	chromedriver!GetHandleVerifier [0xa9e4f5+2c7df5]
	chromedriver!GetHandleVerifier [0x801128+2aa28]
	chromedriver!GetHandleVerifier [0x808bbd+324bd]
	chromedriver!GetHandleVerifier [0x7efb28+19428]
	chromedriver!GetHandleVerifier [0x7efcd5+195d5]
	chromedriver!GetHandleVerifier [0x7d91cf+2acf]
	KERNEL32!BaseThreadInitThunk [0x767afcc9+19]
	ntdll!RtlGetAppContainerNamedObjectPath [0x77a0843e+11e]
	ntdll!RtlGetAppContainerNamedObjectPath [0x77a0840e+ee]

2026-05-18 21:56:12 [WARNING] westbot Script execution failed: Message: <unknown>: Failed to read the 'localStorage' property from 'Window': Storage is disabled inside 'data:' URLs.
  (Session info: chrome=148.0.7778.168)
Stacktrace:
	chromedriver!GetHandleVerifier [0x7e7123+10a23]
	chromedriver!GetHandleVerifier [0x7e7254+10b54]
	chromedriver!(No symbol) [0x601e90]
	chromedriver!(No symbol) [0x608c18]
	chromedriver!(No symbol) [0x60afdd]
	chromedriver!(No symbol) [0x68b6a3]
	chromedriver!(No symbol) [0x66d78c]
	chromedriver!(No symbol) [0x68a936]
	chromedriver!(No symbol) [0x66d526]
	chromedriver!(No symbol) [0x6408f9]
	chromedriver!(No symbol) [0x6416b4]
	chromedriver!GetHandleVerifier [0xa81ac4+2ab3c4]
	chromedriver!GetHandleVerifier [0xa7d0ed+2a69ed]
	chromedriver!GetHandleVerifier [0xa9e4f5+2c7df5]
	chromedriver!GetHandleVerifier [0x801128+2aa28]
	chromedriver!GetHandleVerifier [0x808bbd+324bd]
	chromedriver!GetHandleVerifier [0x7efb28+19428]
	chromedriver!GetHandleVerifier [0x7efcd5+195d5]
	chromedriver!GetHandleVerifier [0x7d91cf+2acf]
	KERNEL32!BaseThreadInitThunk [0x767afcc9+19]
	ntdll!RtlGetAppContainerNamedObjectPath [0x77a0843e+11e]
	ntdll!RtlGetAppContainerNamedObjectPath [0x77a0840e+ee]

2026-05-18 21:56:13 [WARNING] westbot Script execution failed: Message: javascript error: TaskQueue is not defined
  (Session info: chrome=148.0.7778.168)
Stacktrace:
	chromedriver!GetHandleVerifier [0x7e7123+10a23]
	chromedriver!GetHandleVerifier [0x7e7254+10b54]
	chromedriver!(No symbol) [0x601e90]
	chromedriver!(No symbol) [0x608c18]
	chromedriver!(No symbol) [0x60afdd]
	chromedriver!(No symbol) [0x68b6a3]
	chromedriver!(No symbol) [0x66d78c]
	chromedriver!(No symbol) [0x68a936]
	chromedriver!(No symbol) [0x66d526]
	chromedriver!(No symbol) [0x6408f9]
	chromedriver!(No symbol) [0x6416b4]
	chromedriver!GetHandleVerifier [0xa81ac4+2ab3c4]
	chromedriver!GetHandleVerifier [0xa7d0ed+2a69ed]
	chromedriver!GetHandleVerifier [0xa9e4f5+2c7df5]
	chromedriver!GetHandleVerifier [0x801128+2aa28]
	chromedriver!GetHandleVerifier [0x808bbd+324bd]
	chromedriver!GetHandleVerifier [0x7efb28+19428]
	chromedriver!GetHandleVerifier [0x7efcd5+195d5]
	chromedriver!GetHandleVerifier [0x7d91cf+2acf]
	KERNEL32!BaseThreadInitThunk [0x767afcc9+19]
	ntdll!RtlGetAppContainerNamedObjectPath [0x77a0843e+11e]
	ntdll!RtlGetAppContainerNamedObjectPath [0x77a0840e+ee]

2026-05-18 21:56:13 [WARNING] westbot Script execution failed: Message: <unknown>: Failed to read the 'localStorage' property from 'Window': Storage is disabled inside 'data:' URLs.
  (Session info: chrome=148.0.7778.168)
Stacktrace:
	chromedriver!GetHandleVerifier [0x7e7123+10a23]
	chromedriver!GetHandleVerifier [0x7e7254+10b54]
	chromedriver!(No symbol) [0x601e90]
	chromedriver!(No symbol) [0x608c18]
	chromedriver!(No symbol) [0x60afdd]
	chromedriver!(No symbol) [0x68b6a3]
	chromedriver!(No symbol) [0x66d78c]
	chromedriver!(No symbol) [0x68a936]
	chromedriver!(No symbol) [0x66d526]
	chromedriver!(No symbol) [0x6408f9]
	chromedriver!(No symbol) [0x6416b4]
	chromedriver!GetHandleVerifier [0xa81ac4+2ab3c4]
	chromedriver!GetHandleVerifier [0xa7d0ed+2a69ed]
	chromedriver!GetHandleVerifier [0xa9e4f5+2c7df5]
	chromedriver!GetHandleVerifier [0x801128+2aa28]
	chromedriver!GetHandleVerifier [0x808bbd+324bd]
	chromedriver!GetHandleVerifier [0x7efb28+19428]
	chromedriver!GetHandleVerifier [0x7efcd5+195d5]
	chromedriver!GetHandleVerifier [0x7d91cf+2acf]
	KERNEL32!BaseThreadInitThunk [0x767afcc9+19]
	ntdll!RtlGetAppContainerNamedObjectPath [0x77a0843e+11e]
	ntdll!RtlGetAppContainerNamedObjectPath [0x77a0840e+ee]

2026-05-18 21:56:13 [WARNING] westbot Script execution failed: Message: <unknown>: Failed to read the 'localStorage' property from 'Window': Storage is disabled inside 'data:' URLs.
  (Session info: chrome=148.0.7778.168)
Stacktrace:
	chromedriver!GetHandleVerifier [0x7e7123+10a23]
	chromedriver!GetHandleVerifier [0x7e7254+10b54]
	chromedriver!(No symbol) [0x601e90]
	chromedriver!(No symbol) [0x608c18]
	chromedriver!(No symbol) [0x60afdd]
	chromedriver!(No symbol) [0x68b6a3]
	chromedriver!(No symbol) [0x66d78c]
	chromedriver!(No symbol) [0x68a936]
	chromedriver!(No symbol) [0x66d526]
	chromedriver!(No symbol) [0x6408f9]
	chromedriver!(No symbol) [0x6416b4]
	chromedriver!GetHandleVerifier [0xa81ac4+2ab3c4]
	chromedriver!GetHandleVerifier [0xa7d0ed+2a69ed]
	chromedriver!GetHandleVerifier [0xa9e4f5+2c7df5]
	chromedriver!GetHandleVerifier [0x801128+2aa28]
	chromedriver!GetHandleVerifier [0x808bbd+324bd]
	chromedriver!GetHandleVerifier [0x7efb28+19428]
	chromedriver!GetHandleVerifier [0x7efcd5+195d5]
	chromedriver!GetHandleVerifier [0x7d91cf+2acf]
	KERNEL32!BaseThreadInitThunk [0x767afcc9+19]
	ntdll!RtlGetAppContainerNamedObjectPath [0x77a0843e+11e]
	ntdll!RtlGetAppContainerNamedObjectPath [0x77a0840e+ee]

2026-05-18 21:56:14 [WARNING] westbot Script execution failed: Message: javascript error: TaskQueue is not defined
  (Session info: chrome=148.0.7778.168)
Stacktrace:
	chromedriver!GetHandleVerifier [0x7e7123+10a23]
	chromedriver!GetHandleVerifier [0x7e7254+10b54]
	chromedriver!(No symbol) [0x601e90]
	chromedriver!(No symbol) [0x608c18]
	chromedriver!(No symbol) [0x60afdd]
	chromedriver!(No symbol) [0x68b6a3]
	chromedriver!(No symbol) [0x66d78c]
	chromedriver!(No symbol) [0x68a936]
	chromedriver!(No symbol) [0x66d526]
	chromedriver!(No symbol) [0x6408f9]
	chromedriver!(No symbol) [0x6416b4]
	chromedriver!GetHandleVerifier [0xa81ac4+2ab3c4]
	chromedriver!GetHandleVerifier [0xa7d0ed+2a69ed]
	chromedriver!GetHandleVerifier [0xa9e4f5+2c7df5]
	chromedriver!GetHandleVerifier [0x801128+2aa28]
	chromedriver!GetHandleVerifier [0x808bbd+324bd]
	chromedriver!GetHandleVerifier [0x7efb28+19428]
	chromedriver!GetHandleVerifier [0x7efcd5+195d5]
	chromedriver!GetHandleVerifier [0x7d91cf+2acf]
	KERNEL32!BaseThreadInitThunk [0x767afcc9+19]
	ntdll!RtlGetAppContainerNamedObjectPath [0x77a0843e+11e]
	ntdll!RtlGetAppContainerNamedObjectPath [0x77a0840e+ee]

2026-05-18 21:56:14 [WARNING] westbot Script execution failed: Message: <unknown>: Failed to read the 'localStorage' property from 'Window': Storage is disabled inside 'data:' URLs.
  (Session info: chrome=148.0.7778.168)
Stacktrace:
	chromedriver!GetHandleVerifier [0x7e7123+10a23]
	chromedriver!GetHandleVerifier [0x7e7254+10b54]
	chromedriver!(No symbol) [0x601e90]
	chromedriver!(No symbol) [0x608c18]
	chromedriver!(No symbol) [0x60afdd]
	chromedriver!(No symbol) [0x68b6a3]
	chromedriver!(No symbol) [0x66d78c]
	chromedriver!(No symbol) [0x68a936]
	chromedriver!(No symbol) [0x66d526]
	chromedriver!(No symbol) [0x6408f9]
	chromedriver!(No symbol) [0x6416b4]
	chromedriver!GetHandleVerifier [0xa81ac4+2ab3c4]
	chromedriver!GetHandleVerifier [0xa7d0ed+2a69ed]
	chromedriver!GetHandleVerifier [0xa9e4f5+2c7df5]
	chromedriver!GetHandleVerifier [0x801128+2aa28]
	chromedriver!GetHandleVerifier [0x808bbd+324bd]
	chromedriver!GetHandleVerifier [0x7efb28+19428]
	chromedriver!GetHandleVerifier [0x7efcd5+195d5]
	chromedriver!GetHandleVerifier [0x7d91cf+2acf]
	KERNEL32!BaseThreadInitThunk [0x767afcc9+19]
	ntdll!RtlGetAppContainerNamedObjectPath [0x77a0843e+11e]
	ntdll!RtlGetAppContainerNamedObjectPath [0x77a0840e+ee]

2026-05-18 21:56:17 [INFO] westbot Login completed for user LordPoseidon
2026-05-18 21:56:17 [INFO] westbot User logged in through UI
2026-05-18 22:09:05 [DEBUG] westbot Loaded 1 persisted tasks from storage
2026-05-18 22:09:05 [INFO] westbot Task executor started
2026-05-18 22:09:17 [INFO] westbot Starting browser session
2026-05-18 22:09:19 [INFO] westbot Browser started from UI
2026-05-18 22:09:19 [WARNING] westbot Script execution failed: Message: javascript error: TaskQueue is not defined
  (Session info: chrome=148.0.7778.168)
Stacktrace:
	chromedriver!GetHandleVerifier [0x7e7123+10a23]
	chromedriver!GetHandleVerifier [0x7e7254+10b54]
	chromedriver!(No symbol) [0x601e90]
	chromedriver!(No symbol) [0x608c18]
	chromedriver!(No symbol) [0x60afdd]
	chromedriver!(No symbol) [0x68b6a3]
	chromedriver!(No symbol) [0x66d78c]
	chromedriver!(No symbol) [0x68a936]
	chromedriver!(No symbol) [0x66d526]
	chromedriver!(No symbol) [0x6408f9]
	chromedriver!(No symbol) [0x6416b4]
	chromedriver!GetHandleVerifier [0xa81ac4+2ab3c4]
	chromedriver!GetHandleVerifier [0xa7d0ed+2a69ed]
	chromedriver!GetHandleVerifier [0xa9e4f5+2c7df5]
	chromedriver!GetHandleVerifier [0x801128+2aa28]
	chromedriver!GetHandleVerifier [0x808bbd+324bd]
	chromedriver!GetHandleVerifier [0x7efb28+19428]
	chromedriver!GetHandleVerifier [0x7efcd5+195d5]
	chromedriver!GetHandleVerifier [0x7d91cf+2acf]
	KERNEL32!BaseThreadInitThunk [0x767afcc9+19]
	ntdll!RtlGetAppContainerNamedObjectPath [0x77a0843e+11e]
	ntdll!RtlGetAppContainerNamedObjectPath [0x77a0840e+ee]

2026-05-18 22:09:19 [WARNING] westbot Script execution failed: Message: <unknown>: Failed to read the 'localStorage' property from 'Window': Storage is disabled inside 'data:' URLs.
  (Session info: chrome=148.0.7778.168)
Stacktrace:
	chromedriver!GetHandleVerifier [0x7e7123+10a23]
	chromedriver!GetHandleVerifier [0x7e7254+10b54]
	chromedriver!(No symbol) [0x601e90]
	chromedriver!(No symbol) [0x608c18]
	chromedriver!(No symbol) [0x60afdd]
	chromedriver!(No symbol) [0x68b6a3]
	chromedriver!(No symbol) [0x66d78c]
	chromedriver!(No symbol) [0x68a936]
	chromedriver!(No symbol) [0x66d526]
	chromedriver!(No symbol) [0x6408f9]
	chromedriver!(No symbol) [0x6416b4]
	chromedriver!GetHandleVerifier [0xa81ac4+2ab3c4]
	chromedriver!GetHandleVerifier [0xa7d0ed+2a69ed]
	chromedriver!GetHandleVerifier [0xa9e4f5+2c7df5]
	chromedriver!GetHandleVerifier [0x801128+2aa28]
	chromedriver!GetHandleVerifier [0x808bbd+324bd]
	chromedriver!GetHandleVerifier [0x7efb28+19428]
	chromedriver!GetHandleVerifier [0x7efcd5+195d5]
	chromedriver!GetHandleVerifier [0x7d91cf+2acf]
	KERNEL32!BaseThreadInitThunk [0x767afcc9+19]
	ntdll!RtlGetAppContainerNamedObjectPath [0x77a0843e+11e]
	ntdll!RtlGetAppContainerNamedObjectPath [0x77a0840e+ee]

2026-05-18 22:09:23 [INFO] westbot Login completed for user LordPoseidon
2026-05-18 22:09:23 [INFO] westbot User logged in through UI
2026-05-18 22:10:51 [DEBUG] westbot Detected new browser windows: {'7EE8E4B4CE672354AAA3BECA7BA6CA92'}
2026-05-18 22:18:50 [INFO] westbot Database schema initialized: D:\visual bot\westbot_v6\westbot_v6.db
2026-05-18 22:18:50 [DEBUG] westbot Loaded 1 persisted tasks from storage
2026-05-18 22:18:50 [INFO] westbot Network sniffer started
2026-05-18 22:18:50 [INFO] westbot Task executor started
2026-05-18 22:19:03 [INFO] westbot Starting browser session
2026-05-18 22:19:07 [INFO] westbot Browser started from UI
2026-05-18 22:19:07 [WARNING] westbot Script execution failed: Message: javascript error: TaskQueue is not defined
  (Session info: chrome=148.0.7778.168)
Stacktrace:
	chromedriver!GetHandleVerifier [0x7e7123+10a23]
	chromedriver!GetHandleVerifier [0x7e7254+10b54]
	chromedriver!(No symbol) [0x601e90]
	chromedriver!(No symbol) [0x608c18]
	chromedriver!(No symbol) [0x60afdd]
	chromedriver!(No symbol) [0x68b6a3]
	chromedriver!(No symbol) [0x66d78c]
	chromedriver!(No symbol) [0x68a936]
	chromedriver!(No symbol) [0x66d526]
	chromedriver!(No symbol) [0x6408f9]
	chromedriver!(No symbol) [0x6416b4]
	chromedriver!GetHandleVerifier [0xa81ac4+2ab3c4]
	chromedriver!GetHandleVerifier [0xa7d0ed+2a69ed]
	chromedriver!GetHandleVerifier [0xa9e4f5+2c7df5]
	chromedriver!GetHandleVerifier [0x801128+2aa28]
	chromedriver!GetHandleVerifier [0x808bbd+324bd]
	chromedriver!GetHandleVerifier [0x7efb28+19428]
	chromedriver!GetHandleVerifier [0x7efcd5+195d5]
	chromedriver!GetHandleVerifier [0x7d91cf+2acf]
	KERNEL32!BaseThreadInitThunk [0x767afcc9+19]
	ntdll!RtlGetAppContainerNamedObjectPath [0x77a0843e+11e]
	ntdll!RtlGetAppContainerNamedObjectPath [0x77a0840e+ee]

2026-05-18 22:19:07 [WARNING] westbot Script execution failed: Message: <unknown>: Failed to read the 'localStorage' property from 'Window': Storage is disabled inside 'data:' URLs.
  (Session info: chrome=148.0.7778.168)
Stacktrace:
	chromedriver!GetHandleVerifier [0x7e7123+10a23]
	chromedriver!GetHandleVerifier [0x7e7254+10b54]
	chromedriver!(No symbol) [0x601e90]
	chromedriver!(No symbol) [0x608c18]
	chromedriver!(No symbol) [0x60afdd]
	chromedriver!(No symbol) [0x68b6a3]
	chromedriver!(No symbol) [0x66d78c]
	chromedriver!(No symbol) [0x68a936]
	chromedriver!(No symbol) [0x66d526]
	chromedriver!(No symbol) [0x6408f9]
	chromedriver!(No symbol) [0x6416b4]
	chromedriver!GetHandleVerifier [0xa81ac4+2ab3c4]
	chromedriver!GetHandleVerifier [0xa7d0ed+2a69ed]
	chromedriver!GetHandleVerifier [0xa9e4f5+2c7df5]
	chromedriver!GetHandleVerifier [0x801128+2aa28]
	chromedriver!GetHandleVerifier [0x808bbd+324bd]
	chromedriver!GetHandleVerifier [0x7efb28+19428]
	chromedriver!GetHandleVerifier [0x7efcd5+195d5]
	chromedriver!GetHandleVerifier [0x7d91cf+2acf]
	KERNEL32!BaseThreadInitThunk [0x767afcc9+19]
	ntdll!RtlGetAppContainerNamedObjectPath [0x77a0843e+11e]
	ntdll!RtlGetAppContainerNamedObjectPath [0x77a0840e+ee]

2026-05-18 22:19:08 [WARNING] westbot Script execution failed: Message: <unknown>: Failed to read the 'localStorage' property from 'Window': Storage is disabled inside 'data:' URLs.
  (Session info: chrome=148.0.7778.168)
Stacktrace:
	chromedriver!GetHandleVerifier [0x7e7123+10a23]
	chromedriver!GetHandleVerifier [0x7e7254+10b54]
	chromedriver!(No symbol) [0x601e90]
	chromedriver!(No symbol) [0x608c18]
	chromedriver!(No symbol) [0x60afdd]
	chromedriver!(No symbol) [0x68b6a3]
	chromedriver!(No symbol) [0x66d78c]
	chromedriver!(No symbol) [0x68a936]
	chromedriver!(No symbol) [0x66d526]
	chromedriver!(No symbol) [0x6408f9]
	chromedriver!(No symbol) [0x6416b4]
	chromedriver!GetHandleVerifier [0xa81ac4+2ab3c4]
	chromedriver!GetHandleVerifier [0xa7d0ed+2a69ed]
	chromedriver!GetHandleVerifier [0xa9e4f5+2c7df5]
	chromedriver!GetHandleVerifier [0x801128+2aa28]
	chromedriver!GetHandleVerifier [0x808bbd+324bd]
	chromedriver!GetHandleVerifier [0x7efb28+19428]
	chromedriver!GetHandleVerifier [0x7efcd5+195d5]
	chromedriver!GetHandleVerifier [0x7d91cf+2acf]
	KERNEL32!BaseThreadInitThunk [0x767afcc9+19]
	ntdll!RtlGetAppContainerNamedObjectPath [0x77a0843e+11e]
	ntdll!RtlGetAppContainerNamedObjectPath [0x77a0840e+ee]

2026-05-18 22:19:08 [WARNING] westbot Script execution failed: Message: javascript error: TaskQueue is not defined
  (Session info: chrome=148.0.7778.168)
Stacktrace:
	chromedriver!GetHandleVerifier [0x7e7123+10a23]
	chromedriver!GetHandleVerifier [0x7e7254+10b54]
	chromedriver!(No symbol) [0x601e90]
	chromedriver!(No symbol) [0x608c18]
	chromedriver!(No symbol) [0x60afdd]
	chromedriver!(No symbol) [0x68b6a3]
	chromedriver!(No symbol) [0x66d78c]
	chromedriver!(No symbol) [0x68a936]
	chromedriver!(No symbol) [0x66d526]
	chromedriver!(No symbol) [0x6408f9]
	chromedriver!(No symbol) [0x6416b4]
	chromedriver!GetHandleVerifier [0xa81ac4+2ab3c4]
	chromedriver!GetHandleVerifier [0xa7d0ed+2a69ed]
	chromedriver!GetHandleVerifier [0xa9e4f5+2c7df5]
	chromedriver!GetHandleVerifier [0x801128+2aa28]
	chromedriver!GetHandleVerifier [0x808bbd+324bd]
	chromedriver!GetHandleVerifier [0x7efb28+19428]
	chromedriver!GetHandleVerifier [0x7efcd5+195d5]
	chromedriver!GetHandleVerifier [0x7d91cf+2acf]
	KERNEL32!BaseThreadInitThunk [0x767afcc9+19]
	ntdll!RtlGetAppContainerNamedObjectPath [0x77a0843e+11e]
	ntdll!RtlGetAppContainerNamedObjectPath [0x77a0840e+ee]

2026-05-18 22:19:08 [WARNING] westbot Script execution failed: Message: <unknown>: Failed to read the 'localStorage' property from 'Window': Storage is disabled inside 'data:' URLs.
  (Session info: chrome=148.0.7778.168)
Stacktrace:
	chromedriver!GetHandleVerifier [0x7e7123+10a23]
	chromedriver!GetHandleVerifier [0x7e7254+10b54]
	chromedriver!(No symbol) [0x601e90]
	chromedriver!(No symbol) [0x608c18]
	chromedriver!(No symbol) [0x60afdd]
	chromedriver!(No symbol) [0x68b6a3]
	chromedriver!(No symbol) [0x66d78c]
	chromedriver!(No symbol) [0x68a936]
	chromedriver!(No symbol) [0x66d526]
	chromedriver!(No symbol) [0x6408f9]
	chromedriver!(No symbol) [0x6416b4]
	chromedriver!GetHandleVerifier [0xa81ac4+2ab3c4]
	chromedriver!GetHandleVerifier [0xa7d0ed+2a69ed]
	chromedriver!GetHandleVerifier [0xa9e4f5+2c7df5]
	chromedriver!GetHandleVerifier [0x801128+2aa28]
	chromedriver!GetHandleVerifier [0x808bbd+324bd]
	chromedriver!GetHandleVerifier [0x7efb28+19428]
	chromedriver!GetHandleVerifier [0x7efcd5+195d5]
	chromedriver!GetHandleVerifier [0x7d91cf+2acf]
	KERNEL32!BaseThreadInitThunk [0x767afcc9+19]
	ntdll!RtlGetAppContainerNamedObjectPath [0x77a0843e+11e]
	ntdll!RtlGetAppContainerNamedObjectPath [0x77a0840e+ee]

2026-05-18 22:19:11 [INFO] westbot Login completed for user LordPoseidon
2026-05-18 22:19:11 [INFO] westbot User logged in through UI
2026-05-18 22:19:18 [WARNING] westbot Script execution failed: Message: javascript error: Invalid or unexpected token
  (Session info: chrome=148.0.7778.168)
Stacktrace:
	chromedriver!GetHandleVerifier [0x7e7123+10a23]
	chromedriver!GetHandleVerifier [0x7e7254+10b54]
	chromedriver!(No symbol) [0x601e90]
	chromedriver!(No symbol) [0x608c18]
	chromedriver!(No symbol) [0x60afdd]
	chromedriver!(No symbol) [0x68b6a3]
	chromedriver!(No symbol) [0x66d78c]
	chromedriver!(No symbol) [0x68a936]
	chromedriver!(No symbol) [0x66d526]
	chromedriver!(No symbol) [0x6408f9]
	chromedriver!(No symbol) [0x6416b4]
	chromedriver!GetHandleVerifier [0xa81ac4+2ab3c4]
	chromedriver!GetHandleVerifier [0xa7d0ed+2a69ed]
	chromedriver!GetHandleVerifier [0xa9e4f5+2c7df5]
	chromedriver!GetHandleVerifier [0x801128+2aa28]
	chromedriver!GetHandleVerifier [0x808bbd+324bd]
	chromedriver!GetHandleVerifier [0x7efb28+19428]
	chromedriver!GetHandleVerifier [0x7efcd5+195d5]
	chromedriver!GetHandleVerifier [0x7d91cf+2acf]
	KERNEL32!BaseThreadInitThunk [0x767afcc9+19]
	ntdll!RtlGetAppContainerNamedObjectPath [0x77a0843e+11e]
	ntdll!RtlGetAppContainerNamedObjectPath [0x77a0840e+ee]

2026-05-18 22:19:18 [DEBUG] westbot Inserted learned job record 1
2026-05-18 22:19:18 [INFO] westbot Captured learned job Job 117
2026-05-18 22:30:37 [INFO] westbot Database schema initialized: D:\visual bot\westbot_v6\westbot_v6.db
2026-05-18 22:30:37 [DEBUG] westbot Loaded 1 persisted tasks from storage
2026-05-18 22:30:37 [INFO] westbot Network sniffer started
2026-05-18 22:30:37 [INFO] westbot Task executor started
2026-05-18 22:30:41 [INFO] westbot Starting browser session
2026-05-18 22:30:45 [INFO] westbot Browser started from UI
2026-05-18 22:30:45 [WARNING] westbot Script execution failed: Message: javascript error: TaskQueue is not defined
  (Session info: chrome=148.0.7778.168)
Stacktrace:
	chromedriver!GetHandleVerifier [0x7e7123+10a23]
	chromedriver!GetHandleVerifier [0x7e7254+10b54]
	chromedriver!(No symbol) [0x601e90]
	chromedriver!(No symbol) [0x608c18]
	chromedriver!(No symbol) [0x60afdd]
	chromedriver!(No symbol) [0x68b6a3]
	chromedriver!(No symbol) [0x66d78c]
	chromedriver!(No symbol) [0x68a936]
	chromedriver!(No symbol) [0x66d526]
	chromedriver!(No symbol) [0x6408f9]
	chromedriver!(No symbol) [0x6416b4]
	chromedriver!GetHandleVerifier [0xa81ac4+2ab3c4]
	chromedriver!GetHandleVerifier [0xa7d0ed+2a69ed]
	chromedriver!GetHandleVerifier [0xa9e4f5+2c7df5]
	chromedriver!GetHandleVerifier [0x801128+2aa28]
	chromedriver!GetHandleVerifier [0x808bbd+324bd]
	chromedriver!GetHandleVerifier [0x7efb28+19428]
	chromedriver!GetHandleVerifier [0x7efcd5+195d5]
	chromedriver!GetHandleVerifier [0x7d91cf+2acf]
	KERNEL32!BaseThreadInitThunk [0x767afcc9+19]
	ntdll!RtlGetAppContainerNamedObjectPath [0x77a0843e+11e]
	ntdll!RtlGetAppContainerNamedObjectPath [0x77a0840e+ee]

2026-05-18 22:30:45 [WARNING] westbot Script execution failed: Message: <unknown>: Failed to read the 'localStorage' property from 'Window': Storage is disabled inside 'data:' URLs.
  (Session info: chrome=148.0.7778.168)
Stacktrace:
	chromedriver!GetHandleVerifier [0x7e7123+10a23]
	chromedriver!GetHandleVerifier [0x7e7254+10b54]
	chromedriver!(No symbol) [0x601e90]
	chromedriver!(No symbol) [0x608c18]
	chromedriver!(No symbol) [0x60afdd]
	chromedriver!(No symbol) [0x68b6a3]
	chromedriver!(No symbol) [0x66d78c]
	chromedriver!(No symbol) [0x68a936]
	chromedriver!(No symbol) [0x66d526]
	chromedriver!(No symbol) [0x6408f9]
	chromedriver!(No symbol) [0x6416b4]
	chromedriver!GetHandleVerifier [0xa81ac4+2ab3c4]
	chromedriver!GetHandleVerifier [0xa7d0ed+2a69ed]
	chromedriver!GetHandleVerifier [0xa9e4f5+2c7df5]
	chromedriver!GetHandleVerifier [0x801128+2aa28]
	chromedriver!GetHandleVerifier [0x808bbd+324bd]
	chromedriver!GetHandleVerifier [0x7efb28+19428]
	chromedriver!GetHandleVerifier [0x7efcd5+195d5]
	chromedriver!GetHandleVerifier [0x7d91cf+2acf]
	KERNEL32!BaseThreadInitThunk [0x767afcc9+19]
	ntdll!RtlGetAppContainerNamedObjectPath [0x77a0843e+11e]
	ntdll!RtlGetAppContainerNamedObjectPath [0x77a0840e+ee]

2026-05-18 22:30:46 [WARNING] westbot Script execution failed: Message: javascript error: TaskQueue is not defined
  (Session info: chrome=148.0.7778.168)
Stacktrace:
	chromedriver!GetHandleVerifier [0x7e7123+10a23]
	chromedriver!GetHandleVerifier [0x7e7254+10b54]
	chromedriver!(No symbol) [0x601e90]
	chromedriver!(No symbol) [0x608c18]
	chromedriver!(No symbol) [0x60afdd]
	chromedriver!(No symbol) [0x68b6a3]
	chromedriver!(No symbol) [0x66d78c]
	chromedriver!(No symbol) [0x68a936]
	chromedriver!(No symbol) [0x66d526]
	chromedriver!(No symbol) [0x6408f9]
	chromedriver!(No symbol) [0x6416b4]
	chromedriver!GetHandleVerifier [0xa81ac4+2ab3c4]
	chromedriver!GetHandleVerifier [0xa7d0ed+2a69ed]
	chromedriver!GetHandleVerifier [0xa9e4f5+2c7df5]
	chromedriver!GetHandleVerifier [0x801128+2aa28]
	chromedriver!GetHandleVerifier [0x808bbd+324bd]
	chromedriver!GetHandleVerifier [0x7efb28+19428]
	chromedriver!GetHandleVerifier [0x7efcd5+195d5]
	chromedriver!GetHandleVerifier [0x7d91cf+2acf]
	KERNEL32!BaseThreadInitThunk [0x767afcc9+19]
	ntdll!RtlGetAppContainerNamedObjectPath [0x77a0843e+11e]
	ntdll!RtlGetAppContainerNamedObjectPath [0x77a0840e+ee]

2026-05-18 22:30:46 [WARNING] westbot Script execution failed: Message: <unknown>: Failed to read the 'localStorage' property from 'Window': Storage is disabled inside 'data:' URLs.
  (Session info: chrome=148.0.7778.168)
Stacktrace:
	chromedriver!GetHandleVerifier [0x7e7123+10a23]
	chromedriver!GetHandleVerifier [0x7e7254+10b54]
	chromedriver!(No symbol) [0x601e90]
	chromedriver!(No symbol) [0x608c18]
	chromedriver!(No symbol) [0x60afdd]
	chromedriver!(No symbol) [0x68b6a3]
	chromedriver!(No symbol) [0x66d78c]
	chromedriver!(No symbol) [0x68a936]
	chromedriver!(No symbol) [0x66d526]
	chromedriver!(No symbol) [0x6408f9]
	chromedriver!(No symbol) [0x6416b4]
	chromedriver!GetHandleVerifier [0xa81ac4+2ab3c4]
	chromedriver!GetHandleVerifier [0xa7d0ed+2a69ed]
	chromedriver!GetHandleVerifier [0xa9e4f5+2c7df5]
	chromedriver!GetHandleVerifier [0x801128+2aa28]
	chromedriver!GetHandleVerifier [0x808bbd+324bd]
	chromedriver!GetHandleVerifier [0x7efb28+19428]
	chromedriver!GetHandleVerifier [0x7efcd5+195d5]
	chromedriver!GetHandleVerifier [0x7d91cf+2acf]
	KERNEL32!BaseThreadInitThunk [0x767afcc9+19]
	ntdll!RtlGetAppContainerNamedObjectPath [0x77a0843e+11e]
	ntdll!RtlGetAppContainerNamedObjectPath [0x77a0840e+ee]

2026-05-18 22:30:47 [WARNING] westbot Script execution failed: Message: javascript error: TaskQueue is not defined
  (Session info: chrome=148.0.7778.168)
Stacktrace:
	chromedriver!GetHandleVerifier [0x7e7123+10a23]
	chromedriver!GetHandleVerifier [0x7e7254+10b54]
	chromedriver!(No symbol) [0x601e90]
	chromedriver!(No symbol) [0x608c18]
	chromedriver!(No symbol) [0x60afdd]
	chromedriver!(No symbol) [0x68b6a3]
	chromedriver!(No symbol) [0x66d78c]
	chromedriver!(No symbol) [0x68a936]
	chromedriver!(No symbol) [0x66d526]
	chromedriver!(No symbol) [0x6408f9]
	chromedriver!(No symbol) [0x6416b4]
	chromedriver!GetHandleVerifier [0xa81ac4+2ab3c4]
	chromedriver!GetHandleVerifier [0xa7d0ed+2a69ed]
	chromedriver!GetHandleVerifier [0xa9e4f5+2c7df5]
	chromedriver!GetHandleVerifier [0x801128+2aa28]
	chromedriver!GetHandleVerifier [0x808bbd+324bd]
	chromedriver!GetHandleVerifier [0x7efb28+19428]
	chromedriver!GetHandleVerifier [0x7efcd5+195d5]
	chromedriver!GetHandleVerifier [0x7d91cf+2acf]
	KERNEL32!BaseThreadInitThunk [0x767afcc9+19]
	ntdll!RtlGetAppContainerNamedObjectPath [0x77a0843e+11e]
	ntdll!RtlGetAppContainerNamedObjectPath [0x77a0840e+ee]

2026-05-18 22:30:47 [WARNING] westbot Script execution failed: Message: <unknown>: Failed to read the 'localStorage' property from 'Window': Storage is disabled inside 'data:' URLs.
  (Session info: chrome=148.0.7778.168)
Stacktrace:
	chromedriver!GetHandleVerifier [0x7e7123+10a23]
	chromedriver!GetHandleVerifier [0x7e7254+10b54]
	chromedriver!(No symbol) [0x601e90]
	chromedriver!(No symbol) [0x608c18]
	chromedriver!(No symbol) [0x60afdd]
	chromedriver!(No symbol) [0x68b6a3]
	chromedriver!(No symbol) [0x66d78c]
	chromedriver!(No symbol) [0x68a936]
	chromedriver!(No symbol) [0x66d526]
	chromedriver!(No symbol) [0x6408f9]
	chromedriver!(No symbol) [0x6416b4]
	chromedriver!GetHandleVerifier [0xa81ac4+2ab3c4]
	chromedriver!GetHandleVerifier [0xa7d0ed+2a69ed]
	chromedriver!GetHandleVerifier [0xa9e4f5+2c7df5]
	chromedriver!GetHandleVerifier [0x801128+2aa28]
	chromedriver!GetHandleVerifier [0x808bbd+324bd]
	chromedriver!GetHandleVerifier [0x7efb28+19428]
	chromedriver!GetHandleVerifier [0x7efcd5+195d5]
	chromedriver!GetHandleVerifier [0x7d91cf+2acf]
	KERNEL32!BaseThreadInitThunk [0x767afcc9+19]
	ntdll!RtlGetAppContainerNamedObjectPath [0x77a0843e+11e]
	ntdll!RtlGetAppContainerNamedObjectPath [0x77a0840e+ee]

2026-05-18 22:30:47 [WARNING] westbot Script execution failed: Message: <unknown>: Failed to read the 'localStorage' property from 'Window': Storage is disabled inside 'data:' URLs.
  (Session info: chrome=148.0.7778.168)
Stacktrace:
	chromedriver!GetHandleVerifier [0x7e7123+10a23]
	chromedriver!GetHandleVerifier [0x7e7254+10b54]
	chromedriver!(No symbol) [0x601e90]
	chromedriver!(No symbol) [0x608c18]
	chromedriver!(No symbol) [0x60afdd]
	chromedriver!(No symbol) [0x68b6a3]
	chromedriver!(No symbol) [0x66d78c]
	chromedriver!(No symbol) [0x68a936]
	chromedriver!(No symbol) [0x66d526]
	chromedriver!(No symbol) [0x6408f9]
	chromedriver!(No symbol) [0x6416b4]
	chromedriver!GetHandleVerifier [0xa81ac4+2ab3c4]
	chromedriver!GetHandleVerifier [0xa7d0ed+2a69ed]
	chromedriver!GetHandleVerifier [0xa9e4f5+2c7df5]
	chromedriver!GetHandleVerifier [0x801128+2aa28]
	chromedriver!GetHandleVerifier [0x808bbd+324bd]
	chromedriver!GetHandleVerifier [0x7efb28+19428]
	chromedriver!GetHandleVerifier [0x7efcd5+195d5]
	chromedriver!GetHandleVerifier [0x7d91cf+2acf]
	KERNEL32!BaseThreadInitThunk [0x767afcc9+19]
	ntdll!RtlGetAppContainerNamedObjectPath [0x77a0843e+11e]
	ntdll!RtlGetAppContainerNamedObjectPath [0x77a0840e+ee]

2026-05-18 22:30:51 [INFO] westbot Login completed for user LordPoseidon
2026-05-18 22:30:51 [INFO] westbot User logged in through UI
2026-05-18 22:31:02 [WARNING] westbot Script execution failed: Message: javascript error: Invalid or unexpected token
  (Session info: chrome=148.0.7778.168)
Stacktrace:
	chromedriver!GetHandleVerifier [0x7e7123+10a23]
	chromedriver!GetHandleVerifier [0x7e7254+10b54]
	chromedriver!(No symbol) [0x601e90]
	chromedriver!(No symbol) [0x608c18]
	chromedriver!(No symbol) [0x60afdd]
	chromedriver!(No symbol) [0x68b6a3]
	chromedriver!(No symbol) [0x66d78c]
	chromedriver!(No symbol) [0x68a936]
	chromedriver!(No symbol) [0x66d526]
	chromedriver!(No symbol) [0x6408f9]
	chromedriver!(No symbol) [0x6416b4]
	chromedriver!GetHandleVerifier [0xa81ac4+2ab3c4]
	chromedriver!GetHandleVerifier [0xa7d0ed+2a69ed]
	chromedriver!GetHandleVerifier [0xa9e4f5+2c7df5]
	chromedriver!GetHandleVerifier [0x801128+2aa28]
	chromedriver!GetHandleVerifier [0x808bbd+324bd]
	chromedriver!GetHandleVerifier [0x7efb28+19428]
	chromedriver!GetHandleVerifier [0x7efcd5+195d5]
	chromedriver!GetHandleVerifier [0x7d91cf+2acf]
	KERNEL32!BaseThreadInitThunk [0x767afcc9+19]
	ntdll!RtlGetAppContainerNamedObjectPath [0x77a0843e+11e]
	ntdll!RtlGetAppContainerNamedObjectPath [0x77a0840e+ee]

2026-05-18 22:31:02 [DEBUG] westbot Updated existing job record 1
2026-05-18 22:31:03 [INFO] westbot Captured learned job Job 117
2026-05-18 23:52:54 [INFO] westbot Database schema initialized: D:\g\westbot_v6.db
2026-05-18 23:52:54 [DEBUG] westbot Loaded 1 persisted tasks from storage
2026-05-18 23:52:54 [INFO] westbot Network sniffer started
2026-05-18 23:52:54 [INFO] westbot Task executor started
2026-05-18 23:52:56 [INFO] westbot Starting browser session
2026-05-18 23:52:59 [INFO] westbot Browser started from UI
2026-05-18 23:52:59 [WARNING] westbot Script execution failed: Message: javascript error: TaskQueue is not defined
  (Session info: chrome=148.0.7778.168)
Stacktrace:
	chromedriver!GetHandleVerifier [0x7e7123+10a23]
	chromedriver!GetHandleVerifier [0x7e7254+10b54]
	chromedriver!(No symbol) [0x601e90]
	chromedriver!(No symbol) [0x608c18]
	chromedriver!(No symbol) [0x60afdd]
	chromedriver!(No symbol) [0x68b6a3]
	chromedriver!(No symbol) [0x66d78c]
	chromedriver!(No symbol) [0x68a936]
	chromedriver!(No symbol) [0x66d526]
	chromedriver!(No symbol) [0x6408f9]
	chromedriver!(No symbol) [0x6416b4]
	chromedriver!GetHandleVerifier [0xa81ac4+2ab3c4]
	chromedriver!GetHandleVerifier [0xa7d0ed+2a69ed]
	chromedriver!GetHandleVerifier [0xa9e4f5+2c7df5]
	chromedriver!GetHandleVerifier [0x801128+2aa28]
	chromedriver!GetHandleVerifier [0x808bbd+324bd]
	chromedriver!GetHandleVerifier [0x7efb28+19428]
	chromedriver!GetHandleVerifier [0x7efcd5+195d5]
	chromedriver!GetHandleVerifier [0x7d91cf+2acf]
	KERNEL32!BaseThreadInitThunk [0x767afcc9+19]
	ntdll!RtlGetAppContainerNamedObjectPath [0x77a0843e+11e]
	ntdll!RtlGetAppContainerNamedObjectPath [0x77a0840e+ee]

2026-05-18 23:52:59 [WARNING] westbot Script execution failed: Message: <unknown>: Failed to read the 'localStorage' property from 'Window': Storage is disabled inside 'data:' URLs.
  (Session info: chrome=148.0.7778.168)
Stacktrace:
	chromedriver!GetHandleVerifier [0x7e7123+10a23]
	chromedriver!GetHandleVerifier [0x7e7254+10b54]
	chromedriver!(No symbol) [0x601e90]
	chromedriver!(No symbol) [0x608c18]
	chromedriver!(No symbol) [0x60afdd]
	chromedriver!(No symbol) [0x68b6a3]
	chromedriver!(No symbol) [0x66d78c]
	chromedriver!(No symbol) [0x68a936]
	chromedriver!(No symbol) [0x66d526]
	chromedriver!(No symbol) [0x6408f9]
	chromedriver!(No symbol) [0x6416b4]
	chromedriver!GetHandleVerifier [0xa81ac4+2ab3c4]
	chromedriver!GetHandleVerifier [0xa7d0ed+2a69ed]
	chromedriver!GetHandleVerifier [0xa9e4f5+2c7df5]
	chromedriver!GetHandleVerifier [0x801128+2aa28]
	chromedriver!GetHandleVerifier [0x808bbd+324bd]
	chromedriver!GetHandleVerifier [0x7efb28+19428]
	chromedriver!GetHandleVerifier [0x7efcd5+195d5]
	chromedriver!GetHandleVerifier [0x7d91cf+2acf]
	KERNEL32!BaseThreadInitThunk [0x767afcc9+19]
	ntdll!RtlGetAppContainerNamedObjectPath [0x77a0843e+11e]
	ntdll!RtlGetAppContainerNamedObjectPath [0x77a0840e+ee]

2026-05-18 23:53:00 [WARNING] westbot Script execution failed: Message: <unknown>: Failed to read the 'localStorage' property from 'Window': Storage is disabled inside 'data:' URLs.
  (Session info: chrome=148.0.7778.168)
Stacktrace:
	chromedriver!GetHandleVerifier [0x7e7123+10a23]
	chromedriver!GetHandleVerifier [0x7e7254+10b54]
	chromedriver!(No symbol) [0x601e90]
	chromedriver!(No symbol) [0x608c18]
	chromedriver!(No symbol) [0x60afdd]
	chromedriver!(No symbol) [0x68b6a3]
	chromedriver!(No symbol) [0x66d78c]
	chromedriver!(No symbol) [0x68a936]
	chromedriver!(No symbol) [0x66d526]
	chromedriver!(No symbol) [0x6408f9]
	chromedriver!(No symbol) [0x6416b4]
	chromedriver!GetHandleVerifier [0xa81ac4+2ab3c4]
	chromedriver!GetHandleVerifier [0xa7d0ed+2a69ed]
	chromedriver!GetHandleVerifier [0xa9e4f5+2c7df5]
	chromedriver!GetHandleVerifier [0x801128+2aa28]
	chromedriver!GetHandleVerifier [0x808bbd+324bd]
	chromedriver!GetHandleVerifier [0x7efb28+19428]
	chromedriver!GetHandleVerifier [0x7efcd5+195d5]
	chromedriver!GetHandleVerifier [0x7d91cf+2acf]
	KERNEL32!BaseThreadInitThunk [0x767afcc9+19]
	ntdll!RtlGetAppContainerNamedObjectPath [0x77a0843e+11e]
	ntdll!RtlGetAppContainerNamedObjectPath [0x77a0840e+ee]

2026-05-18 23:53:00 [WARNING] westbot Script execution failed: Message: javascript error: TaskQueue is not defined
  (Session info: chrome=148.0.7778.168)
Stacktrace:
	chromedriver!GetHandleVerifier [0x7e7123+10a23]
	chromedriver!GetHandleVerifier [0x7e7254+10b54]
	chromedriver!(No symbol) [0x601e90]
	chromedriver!(No symbol) [0x608c18]
	chromedriver!(No symbol) [0x60afdd]
	chromedriver!(No symbol) [0x68b6a3]
	chromedriver!(No symbol) [0x66d78c]
	chromedriver!(No symbol) [0x68a936]
	chromedriver!(No symbol) [0x66d526]
	chromedriver!(No symbol) [0x6408f9]
	chromedriver!(No symbol) [0x6416b4]
	chromedriver!GetHandleVerifier [0xa81ac4+2ab3c4]
	chromedriver!GetHandleVerifier [0xa7d0ed+2a69ed]
	chromedriver!GetHandleVerifier [0xa9e4f5+2c7df5]
	chromedriver!GetHandleVerifier [0x801128+2aa28]
	chromedriver!GetHandleVerifier [0x808bbd+324bd]
	chromedriver!GetHandleVerifier [0x7efb28+19428]
	chromedriver!GetHandleVerifier [0x7efcd5+195d5]
	chromedriver!GetHandleVerifier [0x7d91cf+2acf]
	KERNEL32!BaseThreadInitThunk [0x767afcc9+19]
	ntdll!RtlGetAppContainerNamedObjectPath [0x77a0843e+11e]
	ntdll!RtlGetAppContainerNamedObjectPath [0x77a0840e+ee]

2026-05-18 23:53:00 [WARNING] westbot Script execution failed: Message: <unknown>: Failed to read the 'localStorage' property from 'Window': Storage is disabled inside 'data:' URLs.
  (Session info: chrome=148.0.7778.168)
Stacktrace:
	chromedriver!GetHandleVerifier [0x7e7123+10a23]
	chromedriver!GetHandleVerifier [0x7e7254+10b54]
	chromedriver!(No symbol) [0x601e90]
	chromedriver!(No symbol) [0x608c18]
	chromedriver!(No symbol) [0x60afdd]
	chromedriver!(No symbol) [0x68b6a3]
	chromedriver!(No symbol) [0x66d78c]
	chromedriver!(No symbol) [0x68a936]
	chromedriver!(No symbol) [0x66d526]
	chromedriver!(No symbol) [0x6408f9]
	chromedriver!(No symbol) [0x6416b4]
	chromedriver!GetHandleVerifier [0xa81ac4+2ab3c4]
	chromedriver!GetHandleVerifier [0xa7d0ed+2a69ed]
	chromedriver!GetHandleVerifier [0xa9e4f5+2c7df5]
	chromedriver!GetHandleVerifier [0x801128+2aa28]
	chromedriver!GetHandleVerifier [0x808bbd+324bd]
	chromedriver!GetHandleVerifier [0x7efb28+19428]
	chromedriver!GetHandleVerifier [0x7efcd5+195d5]
	chromedriver!GetHandleVerifier [0x7d91cf+2acf]
	KERNEL32!BaseThreadInitThunk [0x767afcc9+19]
	ntdll!RtlGetAppContainerNamedObjectPath [0x77a0843e+11e]
	ntdll!RtlGetAppContainerNamedObjectPath [0x77a0840e+ee]

2026-05-18 23:53:03 [INFO] westbot Login completed for user LordPoseidon
2026-05-18 23:53:03 [INFO] westbot User logged in through UI
2026-05-18 23:53:15 [WARNING] westbot Script execution failed: Message: javascript error: Invalid or unexpected token
  (Session info: chrome=148.0.7778.168)
Stacktrace:
	chromedriver!GetHandleVerifier [0x7e7123+10a23]
	chromedriver!GetHandleVerifier [0x7e7254+10b54]
	chromedriver!(No symbol) [0x601e90]
	chromedriver!(No symbol) [0x608c18]
	chromedriver!(No symbol) [0x60afdd]
	chromedriver!(No symbol) [0x68b6a3]
	chromedriver!(No symbol) [0x66d78c]
	chromedriver!(No symbol) [0x68a936]
	chromedriver!(No symbol) [0x66d526]
	chromedriver!(No symbol) [0x6408f9]
	chromedriver!(No symbol) [0x6416b4]
	chromedriver!GetHandleVerifier [0xa81ac4+2ab3c4]
	chromedriver!GetHandleVerifier [0xa7d0ed+2a69ed]
	chromedriver!GetHandleVerifier [0xa9e4f5+2c7df5]
	chromedriver!GetHandleVerifier [0x801128+2aa28]
	chromedriver!GetHandleVerifier [0x808bbd+324bd]
	chromedriver!GetHandleVerifier [0x7efb28+19428]
	chromedriver!GetHandleVerifier [0x7efcd5+195d5]
	chromedriver!GetHandleVerifier [0x7d91cf+2acf]
	KERNEL32!BaseThreadInitThunk [0x767afcc9+19]
	ntdll!RtlGetAppContainerNamedObjectPath [0x77a0843e+11e]
	ntdll!RtlGetAppContainerNamedObjectPath [0x77a0840e+ee]

2026-05-18 23:53:15 [DEBUG] westbot Updated existing job record 1
2026-05-18 23:53:15 [INFO] westbot Captured learned job Job 117
2026-05-18 23:53:59 [DEBUG] westbot Detected new browser windows: {'C85D90A38768657D5ED5FF00B7BBBD43'}
